<?xml version="1.0" encoding="UTF-8"?>
<testng-results ignored="0" total="10" passed="10" failed="0" skipped="0">
  <reporter-output>
  </reporter-output>
  <suite started-at="2022-06-16T22:18:31 IST" name="Default suite" finished-at="2022-06-16T22:18:46 IST" duration-ms="14891">
    <groups>
    </groups>
    <test started-at="2022-06-16T22:18:31 IST" name="Default test" finished-at="2022-06-16T22:18:46 IST" duration-ms="14891">
      <class name="Mobile_worldd.Allmobiles">
        <test-method signature="launchBrowser()[pri:1, instance:Mobile_worldd.Allmobiles@3911c2a7]" started-at="2022-06-16T22:18:31 IST" name="launchBrowser" finished-at="2022-06-16T22:18:41 IST" duration-ms="9551" status="PASS">
          <reporter-output>
          </reporter-output>
        </test-method> <!-- launchBrowser -->
        <test-method signature="allMobiles()[pri:2, instance:Mobile_worldd.Allmobiles@3911c2a7]" started-at="2022-06-16T22:18:41 IST" name="allMobiles" finished-at="2022-06-16T22:18:42 IST" duration-ms="1487" status="PASS">
          <reporter-output>
          </reporter-output>
        </test-method> <!-- allMobiles -->
        <test-method signature="searchLenovo()[pri:3, instance:Mobile_worldd.Allmobiles@3911c2a7]" started-at="2022-06-16T22:18:42 IST" name="searchLenovo" finished-at="2022-06-16T22:18:42 IST" duration-ms="212" status="PASS">
          <reporter-output>
          </reporter-output>
        </test-method> <!-- searchLenovo -->
        <test-method signature="searchSamsung()[pri:4, instance:Mobile_worldd.Allmobiles@3911c2a7]" started-at="2022-06-16T22:18:42 IST" name="searchSamsung" finished-at="2022-06-16T22:18:43 IST" duration-ms="240" status="PASS">
          <reporter-output>
          </reporter-output>
        </test-method> <!-- searchSamsung -->
        <test-method signature="wrongApple()[pri:5, instance:Mobile_worldd.Allmobiles@3911c2a7]" started-at="2022-06-16T22:18:43 IST" name="wrongApple" finished-at="2022-06-16T22:18:43 IST" duration-ms="214" status="PASS">
          <reporter-output>
          </reporter-output>
        </test-method> <!-- wrongApple -->
        <test-method signature="wrongSamsung()[pri:6, instance:Mobile_worldd.Allmobiles@3911c2a7]" started-at="2022-06-16T22:18:43 IST" name="wrongSamsung" finished-at="2022-06-16T22:18:43 IST" duration-ms="121" status="PASS">
          <reporter-output>
          </reporter-output>
        </test-method> <!-- wrongSamsung -->
        <test-method signature="twoCharacter()[pri:7, instance:Mobile_worldd.Allmobiles@3911c2a7]" started-at="2022-06-16T22:18:43 IST" name="twoCharacter" finished-at="2022-06-16T22:18:43 IST" duration-ms="128" status="PASS">
          <reporter-output>
          </reporter-output>
        </test-method> <!-- twoCharacter -->
        <test-method signature="InvalidMob()[pri:8, instance:Mobile_worldd.Allmobiles@3911c2a7]" started-at="2022-06-16T22:18:43 IST" name="InvalidMob" finished-at="2022-06-16T22:18:43 IST" duration-ms="105" status="PASS">
          <reporter-output>
          </reporter-output>
        </test-method> <!-- InvalidMob -->
        <test-method signature="order()[pri:9, instance:Mobile_worldd.Allmobiles@3911c2a7]" started-at="2022-06-16T22:18:43 IST" name="order" finished-at="2022-06-16T22:18:46 IST" duration-ms="2396" status="PASS">
          <reporter-output>
          </reporter-output>
        </test-method> <!-- order -->
        <test-method signature="courseVerify()[pri:10, instance:Mobile_worldd.Allmobiles@3911c2a7]" started-at="2022-06-16T22:18:46 IST" name="courseVerify" finished-at="2022-06-16T22:18:46 IST" duration-ms="351" status="PASS">
          <reporter-output>
          </reporter-output>
        </test-method> <!-- courseVerify -->
      </class> <!-- Mobile_worldd.Allmobiles -->
    </test> <!-- Default test -->
  </suite> <!-- Default suite -->
</testng-results>
