<?xml version="1.0" encoding="UTF-8"?>
<!-- Generated by org.testng.reporters.JUnitXMLReporter -->
<testsuite ignored="0" hostname="QT-INBG-LT0230" failures="0" tests="10" name="Default test" time="14.891" errors="0" timestamp="2022-06-16T22:18:46 IST">
  <testcase classname="Mobile_worldd.Allmobiles" name="launchBrowser" time="9.551"/>
  <testcase classname="Mobile_worldd.Allmobiles" name="allMobiles" time="1.487"/>
  <testcase classname="Mobile_worldd.Allmobiles" name="searchLenovo" time="0.212"/>
  <testcase classname="Mobile_worldd.Allmobiles" name="searchSamsung" time="0.24"/>
  <testcase classname="Mobile_worldd.Allmobiles" name="wrongApple" time="0.214"/>
  <testcase classname="Mobile_worldd.Allmobiles" name="wrongSamsung" time="0.121"/>
  <testcase classname="Mobile_worldd.Allmobiles" name="twoCharacter" time="0.128"/>
  <testcase classname="Mobile_worldd.Allmobiles" name="InvalidMob" time="0.105"/>
  <testcase classname="Mobile_worldd.Allmobiles" name="order" time="2.396"/>
  <testcase classname="Mobile_worldd.Allmobiles" name="courseVerify" time="0.351"/>
</testsuite> <!-- Default test -->
